2025-06-08T12:26:30.624+05:30  INFO 4340 --- [order-service] [main] c.t.o.OrderServiceApplication            : Starting OrderServiceApplication using Java 24 with PID 4340 (C:\Users\visha\Downloads\E-commerce-platfom\src\Turbo\order-service\target\classes started by visha in C:\Users\visha\Downloads\E-commerce-platfom)
2025-06-08T12:26:30.629+05:30 DEBUG 4340 --- [order-service] [main] c.t.o.OrderServiceApplication            : Running with Spring Boot v3.4.5, Spring v6.2.6
2025-06-08T12:26:30.632+05:30  INFO 4340 --- [order-service] [main] c.t.o.OrderServiceApplication            : No active profile set, falling back to 1 default profile: "default"
2025-06-08T12:26:33.238+05:30  INFO 4340 --- [order-service] [main] .s.d.r.c.RepositoryConfigurationDelegate : Bootstrapping Spring Data JPA repositories in DEFAULT mode.
2025-06-08T12:26:33.639+05:30  INFO 4340 --- [order-service] [main] .s.d.r.c.RepositoryConfigurationDelegate : Finished Spring Data repository scanning in 367 ms. Found 2 JPA repository interfaces.
2025-06-08T12:26:34.279+05:30  INFO 4340 --- [order-service] [main] o.s.cloud.context.scope.GenericScope     : BeanFactory id=598078e2-3494-3dd0-91f0-63ecc8963034
2025-06-08T12:26:35.516+05:30  INFO 4340 --- [order-service] [main] o.s.b.w.embedded.tomcat.TomcatWebServer  : Tomcat initialized with port 8083 (http)
2025-06-08T12:26:35.554+05:30  INFO 4340 --- [order-service] [main] o.apache.catalina.core.StandardService   : Starting service [Tomcat]
2025-06-08T12:26:35.555+05:30  INFO 4340 --- [order-service] [main] o.apache.catalina.core.StandardEngine    : Starting Servlet engine: [Apache Tomcat/10.1.40]
2025-06-08T12:26:35.752+05:30  INFO 4340 --- [order-service] [main] o.a.c.c.C.[Tomcat].[localhost].[/]       : Initializing Spring embedded WebApplicationContext
2025-06-08T12:26:35.754+05:30  INFO 4340 --- [order-service] [main] w.s.c.ServletWebServerApplicationContext : Root WebApplicationContext: initialization completed in 4989 ms
2025-06-08T12:26:35.932+05:30 DEBUG 4340 --- [order-service] [main] c.t.o.filter.JwtRequestFilter            : Filter 'jwtRequestFilter' configured for use
2025-06-08T12:26:36.279+05:30  INFO 4340 --- [order-service] [main] o.hibernate.jpa.internal.util.LogHelper  : HHH000204: Processing PersistenceUnitInfo [name: default]
2025-06-08T12:26:36.455+05:30  INFO 4340 --- [order-service] [main] org.hibernate.Version                    : HHH000412: Hibernate ORM core version 6.6.13.Final
2025-06-08T12:26:36.579+05:30  INFO 4340 --- [order-service] [main] o.h.c.internal.RegionFactoryInitiator    : HHH000026: Second-level cache disabled
2025-06-08T12:26:37.354+05:30  INFO 4340 --- [order-service] [main] o.s.o.j.p.SpringPersistenceUnitInfo      : No LoadTimeWeaver setup: ignoring JPA class transformer
2025-06-08T12:26:37.444+05:30  INFO 4340 --- [order-service] [main] com.zaxxer.hikari.HikariDataSource       : HikariPool-1 - Starting...
2025-06-08T12:26:38.307+05:30  INFO 4340 --- [order-service] [main] com.zaxxer.hikari.pool.HikariPool        : HikariPool-1 - Added connection com.mysql.cj.jdbc.ConnectionImpl@63b0b3dd
2025-06-08T12:26:38.311+05:30  INFO 4340 --- [order-service] [main] com.zaxxer.hikari.HikariDataSource       : HikariPool-1 - Start completed.
2025-06-08T12:26:38.544+05:30  INFO 4340 --- [order-service] [main] org.hibernate.orm.connections.pooling    : HHH10001005: Database info:
	Database JDBC URL [Connecting through datasource 'HikariDataSource (HikariPool-1)']
	Database driver: undefined/unknown
	Database version: 8.0.42
	Autocommit mode: undefined/unknown
	Isolation level: undefined/unknown
	Minimum pool size: undefined/unknown
	Maximum pool size: undefined/unknown
2025-06-08T12:26:40.642+05:30  INFO 4340 --- [order-service] [main] o.h.e.t.j.p.i.JtaPlatformInitiator       : HHH000489: No JTA platform available (set 'hibernate.transaction.jta.platform' to enable JTA platform integration)
2025-06-08T12:26:40.787+05:30 DEBUG 4340 --- [order-service] [main] org.hibernate.SQL                        : 
    create table order_items (
        id bigint not null auto_increment,
        price_at_purchase decimal(12,2) not null,
        product_id bigint not null,
        quantity integer not null,
        order_id bigint not null,
        primary key (id)
    ) engine=InnoDB
2025-06-08T12:26:40.913+05:30 DEBUG 4340 --- [order-service] [main] org.hibernate.SQL                        : 
    create table orders (
        id bigint not null auto_increment,
        created_at datetime(6) not null,
        status enum ('CANCELLED','DELIVERED','PENDING','PLACED','SHIPPED') not null,
        total_amount decimal(12,2) not null,
        updated_at datetime(6) not null,
        user_id bigint not null,
        primary key (id)
    ) engine=InnoDB
2025-06-08T12:26:40.955+05:30 DEBUG 4340 --- [order-service] [main] org.hibernate.SQL                        : 
    alter table order_items 
       add constraint FKbioxgbv59vetrxe0ejfubep1w 
       foreign key (order_id) 
       references orders (id)
2025-06-08T12:26:41.068+05:30  INFO 4340 --- [order-service] [main] j.LocalContainerEntityManagerFactoryBean : Initialized JPA EntityManagerFactory for persistence unit 'default'
2025-06-08T12:26:42.253+05:30  WARN 4340 --- [order-service] [main] JpaBaseConfiguration$JpaWebConfiguration : spring.jpa.open-in-view is enabled by default. Therefore, database queries may be performed during view rendering. Explicitly configure spring.jpa.open-in-view to disable this warning
2025-06-08T12:26:42.416+05:30  INFO 4340 --- [order-service] [main] eAuthenticationProviderManagerConfigurer : Global AuthenticationManager configured with AuthenticationProvider bean with name authenticationProvider
2025-06-08T12:26:42.418+05:30  WARN 4340 --- [order-service] [main] r$InitializeUserDetailsManagerConfigurer : Global AuthenticationManager configured with an AuthenticationProvider bean. UserDetailsService beans will not be used by Spring Security for automatically configuring username/password login. Consider removing the AuthenticationProvider bean. Alternatively, consider using the UserDetailsService in a manually instantiated DaoAuthenticationProvider. If the current configuration is intentional, to turn off this warning, increase the logging level of 'org.springframework.security.config.annotation.authentication.configuration.InitializeUserDetailsBeanManagerConfigurer' to ERROR
2025-06-08T12:26:43.338+05:30  INFO 4340 --- [order-service] [main] o.s.v.b.OptionalValidatorFactoryBean     : Failed to set up a Bean Validation provider: jakarta.validation.NoProviderFoundException: Unable to create a Configuration, because no Jakarta Bean Validation provider could be found. Add a provider like Hibernate Validator (RI) to your classpath.
2025-06-08T12:26:44.196+05:30  INFO 4340 --- [order-service] [main] DiscoveryClientOptionalArgsConfiguration : Eureka HTTP Client uses RestTemplate.
2025-06-08T12:26:44.307+05:30  WARN 4340 --- [order-service] [main] iguration$LoadBalancerCaffeineWarnLogger : Spring Cloud LoadBalancer is currently working with the default cache. While this cache implementation is useful for development and tests, it's recommended to use Caffeine cache in production.You can switch to using Caffeine cache, by adding it and org.springframework.cache.caffeine.CaffeineCacheManager to the classpath.
2025-06-08T12:26:44.367+05:30  INFO 4340 --- [order-service] [main] o.s.c.n.eureka.InstanceInfoFactory       : Setting initial instance status as: STARTING
2025-06-08T12:26:44.459+05:30  INFO 4340 --- [order-service] [main] com.netflix.discovery.DiscoveryClient    : Initializing Eureka in region us-east-1
2025-06-08T12:26:44.475+05:30  INFO 4340 --- [order-service] [main] c.n.d.s.r.aws.ConfigClusterResolver      : Resolving eureka endpoints via configuration
2025-06-08T12:26:44.502+05:30  INFO 4340 --- [order-service] [main] com.netflix.discovery.DiscoveryClient    : Disable delta property : false
2025-06-08T12:26:44.502+05:30  INFO 4340 --- [order-service] [main] com.netflix.discovery.DiscoveryClient    : Single vip registry refresh property : null
2025-06-08T12:26:44.502+05:30  INFO 4340 --- [order-service] [main] com.netflix.discovery.DiscoveryClient    : Force full registry fetch : false
2025-06-08T12:26:44.502+05:30  INFO 4340 --- [order-service] [main] com.netflix.discovery.DiscoveryClient    : Application is null : false
2025-06-08T12:26:44.503+05:30  INFO 4340 --- [order-service] [main] com.netflix.discovery.DiscoveryClient    : Registered Applications size is zero : true
2025-06-08T12:26:44.503+05:30  INFO 4340 --- [order-service] [main] com.netflix.discovery.DiscoveryClient    : Application version is -1: true
2025-06-08T12:26:44.503+05:30  INFO 4340 --- [order-service] [main] com.netflix.discovery.DiscoveryClient    : Getting all instance registry info from the eureka server
2025-06-08T12:26:45.655+05:30  INFO 4340 --- [order-service] [main] com.netflix.discovery.DiscoveryClient    : The response status is 200
2025-06-08T12:26:45.658+05:30  INFO 4340 --- [order-service] [main] com.netflix.discovery.DiscoveryClient    : Starting heartbeat executor: renew interval is: 30
2025-06-08T12:26:45.662+05:30  INFO 4340 --- [order-service] [main] c.n.discovery.InstanceInfoReplicator     : InstanceInfoReplicator onDemand update allowed rate per min is 4
2025-06-08T12:26:45.670+05:30  INFO 4340 --- [order-service] [main] com.netflix.discovery.DiscoveryClient    : Discovery Client initialized at timestamp 1749365805664 with initial instances count: 0
2025-06-08T12:26:45.678+05:30  INFO 4340 --- [order-service] [main] o.s.c.n.e.s.EurekaServiceRegistry        : Registering application ORDER-SERVICE with eureka with status UP
2025-06-08T12:26:45.679+05:30  INFO 4340 --- [order-service] [main] com.netflix.discovery.DiscoveryClient    : Saw local status change event StatusChangeEvent [timestamp=1749365805679, current=UP, previous=STARTING]
2025-06-08T12:26:45.683+05:30  INFO 4340 --- [order-service] [DiscoveryClient-InstanceInfoReplicator-%d] com.netflix.discovery.DiscoveryClient    : DiscoveryClient_ORDER-SERVICE/Vishal-Antiya:order-service:8083: registering service...
2025-06-08T12:26:45.726+05:30  INFO 4340 --- [order-service] [main] o.s.b.w.embedded.tomcat.TomcatWebServer  : Tomcat started on port 8083 (http) with context path '/'
2025-06-08T12:26:45.729+05:30  INFO 4340 --- [order-service] [main] .s.c.n.e.s.EurekaAutoServiceRegistration : Updating port to 8083
2025-06-08T12:26:45.756+05:30  INFO 4340 --- [order-service] [main] c.t.o.OrderServiceApplication            : Started OrderServiceApplication in 16.511 seconds (process running for 19.118)
2025-06-08T12:26:46.011+05:30  INFO 4340 --- [order-service] [DiscoveryClient-InstanceInfoReplicator-%d] com.netflix.discovery.DiscoveryClient    : DiscoveryClient_ORDER-SERVICE/Vishal-Antiya:order-service:8083 - registration status: 204
2025-06-08T12:27:09.838+05:30  INFO 4340 --- [order-service] [http-nio-8083-exec-1] o.a.c.c.C.[Tomcat].[localhost].[/]       : Initializing Spring DispatcherServlet 'dispatcherServlet'
2025-06-08T12:27:09.838+05:30  INFO 4340 --- [order-service] [http-nio-8083-exec-1] o.s.web.servlet.DispatcherServlet        : Initializing Servlet 'dispatcherServlet'
2025-06-08T12:27:09.840+05:30  INFO 4340 --- [order-service] [http-nio-8083-exec-1] o.s.web.servlet.DispatcherServlet        : Completed initialization in 2 ms
2025-06-08T12:27:11.954+05:30  INFO 4340 --- [order-service] [http-nio-8083-exec-7] o.springdoc.api.AbstractOpenApiResource  : Init duration for springdoc-openapi is: 1131 ms
2025-06-08T12:27:15.660+05:30  INFO 4340 --- [order-service] [DiscoveryClient-CacheRefreshExecutor-%d] com.netflix.discovery.DiscoveryClient    : Disable delta property : false
2025-06-08T12:27:15.660+05:30  INFO 4340 --- [order-service] [DiscoveryClient-CacheRefreshExecutor-%d] com.netflix.discovery.DiscoveryClient    : Single vip registry refresh property : null
2025-06-08T12:27:15.661+05:30  INFO 4340 --- [order-service] [DiscoveryClient-CacheRefreshExecutor-%d] com.netflix.discovery.DiscoveryClient    : Force full registry fetch : false
2025-06-08T12:27:15.661+05:30  INFO 4340 --- [order-service] [DiscoveryClient-CacheRefreshExecutor-%d] com.netflix.discovery.DiscoveryClient    : Application is null : false
2025-06-08T12:27:15.661+05:30  INFO 4340 --- [order-service] [DiscoveryClient-CacheRefreshExecutor-%d] com.netflix.discovery.DiscoveryClient    : Registered Applications size is zero : true
2025-06-08T12:27:15.662+05:30  INFO 4340 --- [order-service] [DiscoveryClient-CacheRefreshExecutor-%d] com.netflix.discovery.DiscoveryClient    : Application version is -1: false
2025-06-08T12:27:15.662+05:30  INFO 4340 --- [order-service] [DiscoveryClient-CacheRefreshExecutor-%d] com.netflix.discovery.DiscoveryClient    : Getting all instance registry info from the eureka server
2025-06-08T12:27:15.755+05:30  INFO 4340 --- [order-service] [DiscoveryClient-CacheRefreshExecutor-%d] com.netflix.discovery.DiscoveryClient    : The response status is 200
2025-06-08T12:31:44.518+05:30  INFO 4340 --- [order-service] [AsyncResolver-bootstrap-executor-%d] c.n.d.s.r.aws.ConfigClusterResolver      : Resolving eureka endpoints via configuration
2025-06-08T12:36:44.583+05:30  INFO 4340 --- [order-service] [AsyncResolver-bootstrap-executor-%d] c.n.d.s.r.aws.ConfigClusterResolver      : Resolving eureka endpoints via configuration
2025-06-08T12:39:29.697+05:30 DEBUG 4340 --- [order-service] [http-nio-8083-exec-3] c.t.o.filter.JwtRequestFilter            : JWT extracted for user: testuser2 with roles: []
2025-06-08T12:39:29.716+05:30 DEBUG 4340 --- [order-service] [http-nio-8083-exec-3] c.t.o.filter.JwtRequestFilter            : Authentication set for user: testuser2
2025-06-08T12:39:29.796+05:30  INFO 4340 --- [order-service] [http-nio-8083-exec-3] c.t.o.controller.OrderController         : API Request: Add product 5 (quantity 10) to cart for user 1
2025-06-08T12:39:29.906+05:30  INFO 4340 --- [order-service] [http-nio-8083-exec-3] c.t.orderservice.service.OrderService    : Adding product 5 (quantity 10) to cart for user 1
2025-06-08T12:39:30.350+05:30 DEBUG 4340 --- [order-service] [http-nio-8083-exec-3] org.hibernate.SQL                        : 
    select
        o1_0.id,
        o1_0.created_at,
        o1_0.status,
        o1_0.total_amount,
        o1_0.updated_at,
        o1_0.user_id 
    from
        orders o1_0 
    where
        o1_0.user_id=? 
        and o1_0.status=?
2025-06-08T12:39:30.361+05:30 TRACE 4340 --- [order-service] [http-nio-8083-exec-3] org.hibernate.orm.jdbc.bind              : binding parameter (1:BIGINT) <- [1]
2025-06-08T12:39:30.362+05:30 TRACE 4340 --- [order-service] [http-nio-8083-exec-3] org.hibernate.orm.jdbc.bind              : binding parameter (2:ENUM) <- [PENDING]
2025-06-08T12:39:30.460+05:30 DEBUG 4340 --- [order-service] [http-nio-8083-exec-3] c.t.orderservice.service.OrderService    : Creating new cart for user 1
2025-06-08T12:39:30.578+05:30 DEBUG 4340 --- [order-service] [http-nio-8083-exec-3] org.hibernate.SQL                        : 
    insert 
    into
        orders
        (created_at, status, total_amount, updated_at, user_id) 
    values
        (?, ?, ?, ?, ?)
2025-06-08T12:39:30.586+05:30 TRACE 4340 --- [order-service] [http-nio-8083-exec-3] org.hibernate.orm.jdbc.bind              : binding parameter (1:TIMESTAMP) <- [2025-06-08T12:39:30.555273]
2025-06-08T12:39:30.588+05:30 TRACE 4340 --- [order-service] [http-nio-8083-exec-3] org.hibernate.orm.jdbc.bind              : binding parameter (2:ENUM) <- [PENDING]
2025-06-08T12:39:30.590+05:30 TRACE 4340 --- [order-service] [http-nio-8083-exec-3] org.hibernate.orm.jdbc.bind              : binding parameter (3:NUMERIC) <- [0]
2025-06-08T12:39:30.590+05:30 TRACE 4340 --- [order-service] [http-nio-8083-exec-3] org.hibernate.orm.jdbc.bind              : binding parameter (4:TIMESTAMP) <- [2025-06-08T12:39:30.556272]
2025-06-08T12:39:30.591+05:30 TRACE 4340 --- [order-service] [http-nio-8083-exec-3] org.hibernate.orm.jdbc.bind              : binding parameter (5:BIGINT) <- [1]
2025-06-08T12:39:30.678+05:30 DEBUG 4340 --- [order-service] [http-nio-8083-exec-3] c.t.orderservice.service.OrderService    : Simulating call to Product Service for product ID: 5
2025-06-08T12:39:30.678+05:30 ERROR 4340 --- [order-service] [http-nio-8083-exec-3] c.t.orderservice.service.OrderService    : Product with ID 5 not found or price not available.
2025-06-08T12:39:30.702+05:30 ERROR 4340 --- [order-service] [http-nio-8083-exec-3] c.t.o.controller.OrderController         : Error adding product to cart: Product not found or price unavailable.
2025-06-08T12:39:40.715+05:30 DEBUG 4340 --- [order-service] [http-nio-8083-exec-10] c.t.o.filter.JwtRequestFilter            : JWT extracted for user: testuser2 with roles: []
2025-06-08T12:39:40.727+05:30 DEBUG 4340 --- [order-service] [http-nio-8083-exec-10] c.t.o.filter.JwtRequestFilter            : Authentication set for user: testuser2
2025-06-08T12:39:40.731+05:30  INFO 4340 --- [order-service] [http-nio-8083-exec-10] c.t.o.controller.OrderController         : API Request: Add product 5 (quantity 10) to cart for user 1
2025-06-08T12:39:40.734+05:30  INFO 4340 --- [order-service] [http-nio-8083-exec-10] c.t.orderservice.service.OrderService    : Adding product 5 (quantity 10) to cart for user 1
2025-06-08T12:39:40.738+05:30 DEBUG 4340 --- [order-service] [http-nio-8083-exec-10] org.hibernate.SQL                        : 
    select
        o1_0.id,
        o1_0.created_at,
        o1_0.status,
        o1_0.total_amount,
        o1_0.updated_at,
        o1_0.user_id 
    from
        orders o1_0 
    where
        o1_0.user_id=? 
        and o1_0.status=?
2025-06-08T12:39:40.739+05:30 TRACE 4340 --- [order-service] [http-nio-8083-exec-10] org.hibernate.orm.jdbc.bind              : binding parameter (1:BIGINT) <- [1]
2025-06-08T12:39:40.739+05:30 TRACE 4340 --- [order-service] [http-nio-8083-exec-10] org.hibernate.orm.jdbc.bind              : binding parameter (2:ENUM) <- [PENDING]
2025-06-08T12:39:40.743+05:30 DEBUG 4340 --- [order-service] [http-nio-8083-exec-10] c.t.orderservice.service.OrderService    : Creating new cart for user 1
2025-06-08T12:39:40.744+05:30 DEBUG 4340 --- [order-service] [http-nio-8083-exec-10] org.hibernate.SQL                        : 
    insert 
    into
        orders
        (created_at, status, total_amount, updated_at, user_id) 
    values
        (?, ?, ?, ?, ?)
2025-06-08T12:39:40.748+05:30 TRACE 4340 --- [order-service] [http-nio-8083-exec-10] org.hibernate.orm.jdbc.bind              : binding parameter (1:TIMESTAMP) <- [2025-06-08T12:39:40.744873]
2025-06-08T12:39:40.749+05:30 TRACE 4340 --- [order-service] [http-nio-8083-exec-10] org.hibernate.orm.jdbc.bind              : binding parameter (2:ENUM) <- [PENDING]
2025-06-08T12:39:40.750+05:30 TRACE 4340 --- [order-service] [http-nio-8083-exec-10] org.hibernate.orm.jdbc.bind              : binding parameter (3:NUMERIC) <- [0]
2025-06-08T12:39:40.750+05:30 TRACE 4340 --- [order-service] [http-nio-8083-exec-10] org.hibernate.orm.jdbc.bind              : binding parameter (4:TIMESTAMP) <- [2025-06-08T12:39:40.744873]
2025-06-08T12:39:40.751+05:30 TRACE 4340 --- [order-service] [http-nio-8083-exec-10] org.hibernate.orm.jdbc.bind              : binding parameter (5:BIGINT) <- [1]
2025-06-08T12:39:40.758+05:30 DEBUG 4340 --- [order-service] [http-nio-8083-exec-10] c.t.orderservice.service.OrderService    : Simulating call to Product Service for product ID: 5
2025-06-08T12:39:40.758+05:30 ERROR 4340 --- [order-service] [http-nio-8083-exec-10] c.t.orderservice.service.OrderService    : Product with ID 5 not found or price not available.
2025-06-08T12:39:40.764+05:30 ERROR 4340 --- [order-service] [http-nio-8083-exec-10] c.t.o.controller.OrderController         : Error adding product to cart: Product not found or price unavailable.
2025-06-08T12:40:37.901+05:30 DEBUG 4340 --- [order-service] [http-nio-8083-exec-9] c.t.o.filter.JwtRequestFilter            : JWT extracted for user: testuser2 with roles: []
2025-06-08T12:40:37.912+05:30 DEBUG 4340 --- [order-service] [http-nio-8083-exec-9] c.t.o.filter.JwtRequestFilter            : Authentication set for user: testuser2
2025-06-08T12:40:37.915+05:30  INFO 4340 --- [order-service] [http-nio-8083-exec-9] c.t.o.controller.OrderController         : API Request: Add product 2 (quantity 10) to cart for user 1
2025-06-08T12:40:37.918+05:30  INFO 4340 --- [order-service] [http-nio-8083-exec-9] c.t.orderservice.service.OrderService    : Adding product 2 (quantity 10) to cart for user 1
2025-06-08T12:40:37.924+05:30 DEBUG 4340 --- [order-service] [http-nio-8083-exec-9] org.hibernate.SQL                        : 
    select
        o1_0.id,
        o1_0.created_at,
        o1_0.status,
        o1_0.total_amount,
        o1_0.updated_at,
        o1_0.user_id 
    from
        orders o1_0 
    where
        o1_0.user_id=? 
        and o1_0.status=?
2025-06-08T12:40:37.925+05:30 TRACE 4340 --- [order-service] [http-nio-8083-exec-9] org.hibernate.orm.jdbc.bind              : binding parameter (1:BIGINT) <- [1]
2025-06-08T12:40:37.926+05:30 TRACE 4340 --- [order-service] [http-nio-8083-exec-9] org.hibernate.orm.jdbc.bind              : binding parameter (2:ENUM) <- [PENDING]
2025-06-08T12:40:37.929+05:30 DEBUG 4340 --- [order-service] [http-nio-8083-exec-9] c.t.orderservice.service.OrderService    : Creating new cart for user 1
2025-06-08T12:40:37.931+05:30 DEBUG 4340 --- [order-service] [http-nio-8083-exec-9] org.hibernate.SQL                        : 
    insert 
    into
        orders
        (created_at, status, total_amount, updated_at, user_id) 
    values
        (?, ?, ?, ?, ?)
2025-06-08T12:40:37.933+05:30 TRACE 4340 --- [order-service] [http-nio-8083-exec-9] org.hibernate.orm.jdbc.bind              : binding parameter (1:TIMESTAMP) <- [2025-06-08T12:40:37.930514]
2025-06-08T12:40:37.933+05:30 TRACE 4340 --- [order-service] [http-nio-8083-exec-9] org.hibernate.orm.jdbc.bind              : binding parameter (2:ENUM) <- [PENDING]
2025-06-08T12:40:37.934+05:30 TRACE 4340 --- [order-service] [http-nio-8083-exec-9] org.hibernate.orm.jdbc.bind              : binding parameter (3:NUMERIC) <- [0]
2025-06-08T12:40:37.934+05:30 TRACE 4340 --- [order-service] [http-nio-8083-exec-9] org.hibernate.orm.jdbc.bind              : binding parameter (4:TIMESTAMP) <- [2025-06-08T12:40:37.930514]
2025-06-08T12:40:37.935+05:30 TRACE 4340 --- [order-service] [http-nio-8083-exec-9] org.hibernate.orm.jdbc.bind              : binding parameter (5:BIGINT) <- [1]
2025-06-08T12:40:37.941+05:30 DEBUG 4340 --- [order-service] [http-nio-8083-exec-9] c.t.orderservice.service.OrderService    : Simulating call to Product Service for product ID: 2
2025-06-08T12:40:37.943+05:30 DEBUG 4340 --- [order-service] [http-nio-8083-exec-9] c.t.orderservice.service.OrderService    : Added new product 2 to cart with quantity 10
2025-06-08T12:40:37.947+05:30 DEBUG 4340 --- [order-service] [http-nio-8083-exec-9] c.t.orderservice.service.OrderService    : Recalculated total for cart 3: 255.00
2025-06-08T12:40:37.948+05:30  INFO 4340 --- [order-service] [http-nio-8083-exec-9] c.t.orderservice.service.OrderService    : Product 2 added to cart for user 1. Cart total: 255.00
2025-06-08T12:40:37.964+05:30 DEBUG 4340 --- [order-service] [http-nio-8083-exec-9] org.hibernate.SQL                        : 
    insert 
    into
        order_items
        (order_id, price_at_purchase, product_id, quantity) 
    values
        (?, ?, ?, ?)
2025-06-08T12:40:37.966+05:30 TRACE 4340 --- [order-service] [http-nio-8083-exec-9] org.hibernate.orm.jdbc.bind              : binding parameter (1:BIGINT) <- [3]
2025-06-08T12:40:37.967+05:30 TRACE 4340 --- [order-service] [http-nio-8083-exec-9] org.hibernate.orm.jdbc.bind              : binding parameter (2:NUMERIC) <- [25.50]
2025-06-08T12:40:37.967+05:30 TRACE 4340 --- [order-service] [http-nio-8083-exec-9] org.hibernate.orm.jdbc.bind              : binding parameter (3:BIGINT) <- [2]
2025-06-08T12:40:37.967+05:30 TRACE 4340 --- [order-service] [http-nio-8083-exec-9] org.hibernate.orm.jdbc.bind              : binding parameter (4:INTEGER) <- [10]
2025-06-08T12:40:38.058+05:30 DEBUG 4340 --- [order-service] [http-nio-8083-exec-9] org.hibernate.SQL                        : 
    update
        orders 
    set
        status=?,
        total_amount=?,
        updated_at=?,
        user_id=? 
    where
        id=?
2025-06-08T12:40:38.061+05:30 TRACE 4340 --- [order-service] [http-nio-8083-exec-9] org.hibernate.orm.jdbc.bind              : binding parameter (1:ENUM) <- [PENDING]
2025-06-08T12:40:38.063+05:30 TRACE 4340 --- [order-service] [http-nio-8083-exec-9] org.hibernate.orm.jdbc.bind              : binding parameter (2:NUMERIC) <- [255.00]
2025-06-08T12:40:38.064+05:30 TRACE 4340 --- [order-service] [http-nio-8083-exec-9] org.hibernate.orm.jdbc.bind              : binding parameter (3:TIMESTAMP) <- [2025-06-08T12:40:38.038709]
2025-06-08T12:40:38.065+05:30 TRACE 4340 --- [order-service] [http-nio-8083-exec-9] org.hibernate.orm.jdbc.bind              : binding parameter (4:BIGINT) <- [1]
2025-06-08T12:40:38.066+05:30 TRACE 4340 --- [order-service] [http-nio-8083-exec-9] org.hibernate.orm.jdbc.bind              : binding parameter (5:BIGINT) <- [3]
2025-06-08T12:40:38.267+05:30  WARN 4340 --- [order-service] [http-nio-8083-exec-9] .w.s.m.s.DefaultHandlerExceptionResolver : Ignoring exception, response committed already: org.springframework.http.converter.HttpMessageNotWritableException: Could not write JSON: Document nesting depth (1001) exceeds the maximum allowed (1000, from `StreamWriteConstraints.getMaxNestingDepth()`)
2025-06-08T12:40:38.270+05:30  WARN 4340 --- [order-service] [http-nio-8083-exec-9] .w.s.m.s.DefaultHandlerExceptionResolver : Resolved [org.springframework.http.converter.HttpMessageNotWritableException: Could not write JSON: Document nesting depth (1001) exceeds the maximum allowed (1000, from `StreamWriteConstraints.getMaxNestingDepth()`)]
2025-06-08T12:41:44.615+05:30  INFO 4340 --- [order-service] [AsyncResolver-bootstrap-executor-%d] c.n.d.s.r.aws.ConfigClusterResolver      : Resolving eureka endpoints via configuration
2025-06-08T12:42:08.572+05:30 DEBUG 4340 --- [order-service] [http-nio-8083-exec-3] c.t.o.filter.JwtRequestFilter            : JWT extracted for user: testuser2 with roles: []
2025-06-08T12:42:08.582+05:30 DEBUG 4340 --- [order-service] [http-nio-8083-exec-3] c.t.o.filter.JwtRequestFilter            : Authentication set for user: testuser2
2025-06-08T12:42:08.584+05:30  INFO 4340 --- [order-service] [http-nio-8083-exec-3] c.t.o.controller.OrderController         : API Request: Get cart for user 1
2025-06-08T12:42:08.584+05:30  INFO 4340 --- [order-service] [http-nio-8083-exec-3] c.t.orderservice.service.OrderService    : Fetching cart for user 1
2025-06-08T12:42:08.590+05:30 DEBUG 4340 --- [order-service] [http-nio-8083-exec-3] org.hibernate.SQL                        : 
    select
        o1_0.id,
        o1_0.created_at,
        o1_0.status,
        o1_0.total_amount,
        o1_0.updated_at,
        o1_0.user_id 
    from
        orders o1_0 
    where
        o1_0.user_id=? 
        and o1_0.status=?
2025-06-08T12:42:08.592+05:30 TRACE 4340 --- [order-service] [http-nio-8083-exec-3] org.hibernate.orm.jdbc.bind              : binding parameter (1:BIGINT) <- [1]
2025-06-08T12:42:08.592+05:30 TRACE 4340 --- [order-service] [http-nio-8083-exec-3] org.hibernate.orm.jdbc.bind              : binding parameter (2:ENUM) <- [PENDING]
2025-06-08T12:42:08.617+05:30 DEBUG 4340 --- [order-service] [http-nio-8083-exec-3] org.hibernate.SQL                        : 
    select
        oi1_0.order_id,
        oi1_0.id,
        oi1_0.price_at_purchase,
        oi1_0.product_id,
        oi1_0.quantity 
    from
        order_items oi1_0 
    where
        oi1_0.order_id=?
2025-06-08T12:42:08.618+05:30 TRACE 4340 --- [order-service] [http-nio-8083-exec-3] org.hibernate.orm.jdbc.bind              : binding parameter (1:BIGINT) <- [3]
2025-06-08T12:42:08.644+05:30  INFO 4340 --- [order-service] [http-nio-8083-exec-3] c.t.orderservice.service.OrderService    : Cart found for user 1. Total items: 1
2025-06-08T12:42:08.646+05:30  INFO 4340 --- [order-service] [http-nio-8083-exec-3] c.t.o.controller.OrderController         : Cart retrieved successfully for user 1
2025-06-08T12:42:08.776+05:30  WARN 4340 --- [order-service] [http-nio-8083-exec-3] .w.s.m.s.DefaultHandlerExceptionResolver : Ignoring exception, response committed already: org.springframework.http.converter.HttpMessageNotWritableException: Could not write JSON: Document nesting depth (1001) exceeds the maximum allowed (1000, from `StreamWriteConstraints.getMaxNestingDepth()`)
2025-06-08T12:42:08.778+05:30  WARN 4340 --- [order-service] [http-nio-8083-exec-3] .w.s.m.s.DefaultHandlerExceptionResolver : Resolved [org.springframework.http.converter.HttpMessageNotWritableException: Could not write JSON: Document nesting depth (1001) exceeds the maximum allowed (1000, from `StreamWriteConstraints.getMaxNestingDepth()`)]
2025-06-08T12:46:44.629+05:30  INFO 4340 --- [order-service] [AsyncResolver-bootstrap-executor-%d] c.n.d.s.r.aws.ConfigClusterResolver      : Resolving eureka endpoints via configuration
2025-06-08T12:49:08.457+05:30  INFO 4340 --- [order-service] [SpringApplicationShutdownHook] o.s.c.n.e.s.EurekaServiceRegistry        : Unregistering application ORDER-SERVICE with eureka with status DOWN
2025-06-08T12:49:08.459+05:30  INFO 4340 --- [order-service] [SpringApplicationShutdownHook] com.netflix.discovery.DiscoveryClient    : Saw local status change event StatusChangeEvent [timestamp=1749367148459, current=DOWN, previous=UP]
2025-06-08T12:49:08.460+05:30  INFO 4340 --- [order-service] [DiscoveryClient-InstanceInfoReplicator-%d] com.netflix.discovery.DiscoveryClient    : DiscoveryClient_ORDER-SERVICE/Vishal-Antiya:order-service:8083: registering service...
2025-06-08T12:49:08.504+05:30  INFO 4340 --- [order-service] [SpringApplicationShutdownHook] o.s.b.w.e.tomcat.GracefulShutdown        : Commencing graceful shutdown. Waiting for active requests to complete
2025-06-08T12:49:08.516+05:30  INFO 4340 --- [order-service] [DiscoveryClient-InstanceInfoReplicator-%d] com.netflix.discovery.DiscoveryClient    : DiscoveryClient_ORDER-SERVICE/Vishal-Antiya:order-service:8083 - registration status: 204
2025-06-08T12:49:08.531+05:30  INFO 4340 --- [order-service] [tomcat-shutdown] o.s.b.w.e.tomcat.GracefulShutdown        : Graceful shutdown complete
2025-06-08T12:49:08.580+05:30  INFO 4340 --- [order-service] [SpringApplicationShutdownHook] j.LocalContainerEntityManagerFactoryBean : Closing JPA EntityManagerFactory for persistence unit 'default'
2025-06-08T12:49:08.613+05:30  INFO 4340 --- [order-service] [SpringApplicationShutdownHook] com.zaxxer.hikari.HikariDataSource       : HikariPool-1 - Shutdown initiated...
2025-06-08T12:49:08.670+05:30  INFO 4340 --- [order-service] [SpringApplicationShutdownHook] com.zaxxer.hikari.HikariDataSource       : HikariPool-1 - Shutdown completed.
2025-06-08T12:49:08.675+05:30  INFO 4340 --- [order-service] [SpringApplicationShutdownHook] com.netflix.discovery.DiscoveryClient    : Shutting down DiscoveryClient ...
2025-06-08T12:49:11.678+05:30  INFO 4340 --- [order-service] [SpringApplicationShutdownHook] com.netflix.discovery.DiscoveryClient    : Unregistering ...
2025-06-08T12:49:11.801+05:30  INFO 4340 --- [order-service] [SpringApplicationShutdownHook] com.netflix.discovery.DiscoveryClient    : DiscoveryClient_ORDER-SERVICE/Vishal-Antiya:order-service:8083 - deregister  status: 200
2025-06-08T12:49:11.803+05:30  INFO 4340 --- [order-service] [SpringApplicationShutdownHook] com.netflix.discovery.DiscoveryClient    : Completed shut down of DiscoveryClient
2025-06-08T12:49:20.289+05:30  INFO 3640 --- [order-service] [main] c.t.o.OrderServiceApplication            : Starting OrderServiceApplication using Java 24 with PID 3640 (C:\Users\visha\Downloads\E-commerce-platfom\src\Turbo\order-service\target\classes started by visha in C:\Users\visha\Downloads\E-commerce-platfom)
2025-06-08T12:49:20.295+05:30 DEBUG 3640 --- [order-service] [main] c.t.o.OrderServiceApplication            : Running with Spring Boot v3.4.5, Spring v6.2.6
2025-06-08T12:49:20.299+05:30  INFO 3640 --- [order-service] [main] c.t.o.OrderServiceApplication            : No active profile set, falling back to 1 default profile: "default"
2025-06-08T12:49:22.625+05:30  INFO 3640 --- [order-service] [main] .s.d.r.c.RepositoryConfigurationDelegate : Bootstrapping Spring Data JPA repositories in DEFAULT mode.
2025-06-08T12:49:23.057+05:30  INFO 3640 --- [order-service] [main] .s.d.r.c.RepositoryConfigurationDelegate : Finished Spring Data repository scanning in 401 ms. Found 2 JPA repository interfaces.
2025-06-08T12:49:23.658+05:30  INFO 3640 --- [order-service] [main] o.s.cloud.context.scope.GenericScope     : BeanFactory id=598078e2-3494-3dd0-91f0-63ecc8963034
2025-06-08T12:49:25.094+05:30  INFO 3640 --- [order-service] [main] o.s.b.w.embedded.tomcat.TomcatWebServer  : Tomcat initialized with port 8083 (http)
2025-06-08T12:49:25.129+05:30  INFO 3640 --- [order-service] [main] o.apache.catalina.core.StandardService   : Starting service [Tomcat]
2025-06-08T12:49:25.130+05:30  INFO 3640 --- [order-service] [main] o.apache.catalina.core.StandardEngine    : Starting Servlet engine: [Apache Tomcat/10.1.40]
2025-06-08T12:49:25.396+05:30  INFO 3640 --- [order-service] [main] o.a.c.c.C.[Tomcat].[localhost].[/]       : Initializing Spring embedded WebApplicationContext
2025-06-08T12:49:25.396+05:30  INFO 3640 --- [order-service] [main] w.s.c.ServletWebServerApplicationContext : Root WebApplicationContext: initialization completed in 4921 ms
2025-06-08T12:49:25.529+05:30 DEBUG 3640 --- [order-service] [main] c.t.o.filter.JwtRequestFilter            : Filter 'jwtRequestFilter' configured for use
2025-06-08T12:49:25.905+05:30  INFO 3640 --- [order-service] [main] o.hibernate.jpa.internal.util.LogHelper  : HHH000204: Processing PersistenceUnitInfo [name: default]
2025-06-08T12:49:26.101+05:30  INFO 3640 --- [order-service] [main] org.hibernate.Version                    : HHH000412: Hibernate ORM core version 6.6.13.Final
2025-06-08T12:49:26.207+05:30  INFO 3640 --- [order-service] [main] o.h.c.internal.RegionFactoryInitiator    : HHH000026: Second-level cache disabled
2025-06-08T12:49:26.936+05:30  INFO 3640 --- [order-service] [main] o.s.o.j.p.SpringPersistenceUnitInfo      : No LoadTimeWeaver setup: ignoring JPA class transformer
2025-06-08T12:49:27.034+05:30  INFO 3640 --- [order-service] [main] com.zaxxer.hikari.HikariDataSource       : HikariPool-1 - Starting...
2025-06-08T12:49:27.980+05:30  INFO 3640 --- [order-service] [main] com.zaxxer.hikari.pool.HikariPool        : HikariPool-1 - Added connection com.mysql.cj.jdbc.ConnectionImpl@2555a986
2025-06-08T12:49:27.984+05:30  INFO 3640 --- [order-service] [main] com.zaxxer.hikari.HikariDataSource       : HikariPool-1 - Start completed.
2025-06-08T12:49:28.191+05:30  INFO 3640 --- [order-service] [main] org.hibernate.orm.connections.pooling    : HHH10001005: Database info:
	Database JDBC URL [Connecting through datasource 'HikariDataSource (HikariPool-1)']
	Database driver: undefined/unknown
	Database version: 8.0.42
	Autocommit mode: undefined/unknown
	Isolation level: undefined/unknown
	Minimum pool size: undefined/unknown
	Maximum pool size: undefined/unknown
2025-06-08T12:49:29.767+05:30  INFO 3640 --- [order-service] [main] o.h.e.t.j.p.i.JtaPlatformInitiator       : HHH000489: No JTA platform available (set 'hibernate.transaction.jta.platform' to enable JTA platform integration)
2025-06-08T12:49:29.909+05:30 DEBUG 3640 --- [order-service] [main] org.hibernate.SQL                        : 
    alter table orders 
       modify column status enum ('CANCELLED','DELIVERED','PENDING','PLACED','SHIPPED') not null
2025-06-08T12:49:30.085+05:30  INFO 3640 --- [order-service] [main] j.LocalContainerEntityManagerFactoryBean : Initialized JPA EntityManagerFactory for persistence unit 'default'
2025-06-08T12:49:31.123+05:30  WARN 3640 --- [order-service] [main] JpaBaseConfiguration$JpaWebConfiguration : spring.jpa.open-in-view is enabled by default. Therefore, database queries may be performed during view rendering. Explicitly configure spring.jpa.open-in-view to disable this warning
2025-06-08T12:49:31.259+05:30  INFO 3640 --- [order-service] [main] eAuthenticationProviderManagerConfigurer : Global AuthenticationManager configured with AuthenticationProvider bean with name authenticationProvider
2025-06-08T12:49:31.261+05:30  WARN 3640 --- [order-service] [main] r$InitializeUserDetailsManagerConfigurer : Global AuthenticationManager configured with an AuthenticationProvider bean. UserDetailsService beans will not be used by Spring Security for automatically configuring username/password login. Consider removing the AuthenticationProvider bean. Alternatively, consider using the UserDetailsService in a manually instantiated DaoAuthenticationProvider. If the current configuration is intentional, to turn off this warning, increase the logging level of 'org.springframework.security.config.annotation.authentication.configuration.InitializeUserDetailsBeanManagerConfigurer' to ERROR
2025-06-08T12:49:31.997+05:30  INFO 3640 --- [order-service] [main] o.s.v.b.OptionalValidatorFactoryBean     : Failed to set up a Bean Validation provider: jakarta.validation.NoProviderFoundException: Unable to create a Configuration, because no Jakarta Bean Validation provider could be found. Add a provider like Hibernate Validator (RI) to your classpath.
2025-06-08T12:49:32.828+05:30  INFO 3640 --- [order-service] [main] DiscoveryClientOptionalArgsConfiguration : Eureka HTTP Client uses RestTemplate.
2025-06-08T12:49:32.944+05:30  WARN 3640 --- [order-service] [main] iguration$LoadBalancerCaffeineWarnLogger : Spring Cloud LoadBalancer is currently working with the default cache. While this cache implementation is useful for development and tests, it's recommended to use Caffeine cache in production.You can switch to using Caffeine cache, by adding it and org.springframework.cache.caffeine.CaffeineCacheManager to the classpath.
2025-06-08T12:49:33.001+05:30  INFO 3640 --- [order-service] [main] o.s.c.n.eureka.InstanceInfoFactory       : Setting initial instance status as: STARTING
2025-06-08T12:49:33.066+05:30  INFO 3640 --- [order-service] [main] com.netflix.discovery.DiscoveryClient    : Initializing Eureka in region us-east-1
2025-06-08T12:49:33.073+05:30  INFO 3640 --- [order-service] [main] c.n.d.s.r.aws.ConfigClusterResolver      : Resolving eureka endpoints via configuration
2025-06-08T12:49:33.087+05:30  INFO 3640 --- [order-service] [main] com.netflix.discovery.DiscoveryClient    : Disable delta property : false
2025-06-08T12:49:33.088+05:30  INFO 3640 --- [order-service] [main] com.netflix.discovery.DiscoveryClient    : Single vip registry refresh property : null
2025-06-08T12:49:33.088+05:30  INFO 3640 --- [order-service] [main] com.netflix.discovery.DiscoveryClient    : Force full registry fetch : false
2025-06-08T12:49:33.088+05:30  INFO 3640 --- [order-service] [main] com.netflix.discovery.DiscoveryClient    : Application is null : false
2025-06-08T12:49:33.088+05:30  INFO 3640 --- [order-service] [main] com.netflix.discovery.DiscoveryClient    : Registered Applications size is zero : true
2025-06-08T12:49:33.088+05:30  INFO 3640 --- [order-service] [main] com.netflix.discovery.DiscoveryClient    : Application version is -1: true
2025-06-08T12:49:33.088+05:30  INFO 3640 --- [order-service] [main] com.netflix.discovery.DiscoveryClient    : Getting all instance registry info from the eureka server
2025-06-08T12:49:34.004+05:30  INFO 3640 --- [order-service] [main] com.netflix.discovery.DiscoveryClient    : The response status is 200
2025-06-08T12:49:34.010+05:30  INFO 3640 --- [order-service] [main] com.netflix.discovery.DiscoveryClient    : Starting heartbeat executor: renew interval is: 30
2025-06-08T12:49:34.017+05:30  INFO 3640 --- [order-service] [main] c.n.discovery.InstanceInfoReplicator     : InstanceInfoReplicator onDemand update allowed rate per min is 4
2025-06-08T12:49:34.027+05:30  INFO 3640 --- [order-service] [main] com.netflix.discovery.DiscoveryClient    : Discovery Client initialized at timestamp 1749367174021 with initial instances count: 2
2025-06-08T12:49:34.046+05:30  INFO 3640 --- [order-service] [main] o.s.c.n.e.s.EurekaServiceRegistry        : Registering application ORDER-SERVICE with eureka with status UP
2025-06-08T12:49:34.048+05:30  INFO 3640 --- [order-service] [main] com.netflix.discovery.DiscoveryClient    : Saw local status change event StatusChangeEvent [timestamp=1749367174048, current=UP, previous=STARTING]
2025-06-08T12:49:34.052+05:30  INFO 3640 --- [order-service] [DiscoveryClient-InstanceInfoReplicator-%d] com.netflix.discovery.DiscoveryClient    : DiscoveryClient_ORDER-SERVICE/Vishal-Antiya:order-service:8083: registering service...
2025-06-08T12:49:34.103+05:30  INFO 3640 --- [order-service] [main] o.s.b.w.embedded.tomcat.TomcatWebServer  : Tomcat started on port 8083 (http) with context path '/'
2025-06-08T12:49:34.106+05:30  INFO 3640 --- [order-service] [main] .s.c.n.e.s.EurekaAutoServiceRegistration : Updating port to 8083
2025-06-08T12:49:34.140+05:30  INFO 3640 --- [order-service] [main] c.t.o.OrderServiceApplication            : Started OrderServiceApplication in 15.52 seconds (process running for 17.559)
2025-06-08T12:49:34.176+05:30  INFO 3640 --- [order-service] [DiscoveryClient-InstanceInfoReplicator-%d] com.netflix.discovery.DiscoveryClient    : DiscoveryClient_ORDER-SERVICE/Vishal-Antiya:order-service:8083 - registration status: 204
2025-06-08T12:49:48.458+05:30  INFO 3640 --- [order-service] [http-nio-8083-exec-1] o.a.c.c.C.[Tomcat].[localhost].[/]       : Initializing Spring DispatcherServlet 'dispatcherServlet'
2025-06-08T12:49:48.459+05:30  INFO 3640 --- [order-service] [http-nio-8083-exec-1] o.s.web.servlet.DispatcherServlet        : Initializing Servlet 'dispatcherServlet'
2025-06-08T12:49:48.462+05:30  INFO 3640 --- [order-service] [http-nio-8083-exec-1] o.s.web.servlet.DispatcherServlet        : Completed initialization in 3 ms
2025-06-08T12:49:48.588+05:30  WARN 3640 --- [order-service] [http-nio-8083-exec-1] c.t.o.filter.JwtRequestFilter            : JWT Error during parsing or validation: JWT expired at 2025-06-08T07:18:22Z. Current time: 2025-06-08T07:19:48Z, a difference of 86585 milliseconds.  Allowed clock skew: 0 milliseconds.
2025-06-08T12:50:16.142+05:30 DEBUG 3640 --- [order-service] [http-nio-8083-exec-3] c.t.o.filter.JwtRequestFilter            : JWT extracted for user: testuser2 with roles: []
2025-06-08T12:50:16.178+05:30 DEBUG 3640 --- [order-service] [http-nio-8083-exec-3] c.t.o.filter.JwtRequestFilter            : Authentication set for user: testuser2
2025-06-08T12:50:16.235+05:30  INFO 3640 --- [order-service] [http-nio-8083-exec-3] c.t.o.controller.OrderController         : API Request: Get cart for user 1
2025-06-08T12:50:16.236+05:30  INFO 3640 --- [order-service] [http-nio-8083-exec-3] c.t.orderservice.service.OrderService    : Fetching cart for user 1
2025-06-08T12:50:16.456+05:30 DEBUG 3640 --- [order-service] [http-nio-8083-exec-3] org.hibernate.SQL                        : 
    select
        o1_0.id,
        o1_0.created_at,
        o1_0.status,
        o1_0.total_amount,
        o1_0.updated_at,
        o1_0.user_id 
    from
        orders o1_0 
    where
        o1_0.user_id=? 
        and o1_0.status=?
2025-06-08T12:50:16.459+05:30 TRACE 3640 --- [order-service] [http-nio-8083-exec-3] org.hibernate.orm.jdbc.bind              : binding parameter (1:BIGINT) <- [1]
2025-06-08T12:50:16.459+05:30 TRACE 3640 --- [order-service] [http-nio-8083-exec-3] org.hibernate.orm.jdbc.bind              : binding parameter (2:ENUM) <- [PENDING]
2025-06-08T12:50:16.536+05:30 DEBUG 3640 --- [order-service] [http-nio-8083-exec-3] org.hibernate.SQL                        : 
    select
        oi1_0.order_id,
        oi1_0.id,
        oi1_0.price_at_purchase,
        oi1_0.product_id,
        oi1_0.quantity 
    from
        order_items oi1_0 
    where
        oi1_0.order_id=?
2025-06-08T12:50:16.537+05:30 TRACE 3640 --- [order-service] [http-nio-8083-exec-3] org.hibernate.orm.jdbc.bind              : binding parameter (1:BIGINT) <- [3]
2025-06-08T12:50:16.548+05:30  INFO 3640 --- [order-service] [http-nio-8083-exec-3] c.t.orderservice.service.OrderService    : Cart found for user 1. Total items: 1
2025-06-08T12:50:16.549+05:30  INFO 3640 --- [order-service] [http-nio-8083-exec-3] c.t.o.controller.OrderController         : Cart retrieved successfully for user 1
2025-06-08T12:50:54.570+05:30 DEBUG 3640 --- [order-service] [http-nio-8083-exec-6] c.t.o.filter.JwtRequestFilter            : JWT extracted for user: testuser2 with roles: []
2025-06-08T12:50:54.579+05:30 DEBUG 3640 --- [order-service] [http-nio-8083-exec-6] c.t.o.filter.JwtRequestFilter            : Authentication set for user: testuser2
2025-06-08T12:50:54.611+05:30  INFO 3640 --- [order-service] [http-nio-8083-exec-6] c.t.o.controller.OrderController         : API Request: Add product 6 (quantity 1) to cart for user 1
2025-06-08T12:50:54.628+05:30  INFO 3640 --- [order-service] [http-nio-8083-exec-6] c.t.orderservice.service.OrderService    : Adding product 6 (quantity 1) to cart for user 1
2025-06-08T12:50:54.633+05:30 DEBUG 3640 --- [order-service] [http-nio-8083-exec-6] org.hibernate.SQL                        : 
    select
        o1_0.id,
        o1_0.created_at,
        o1_0.status,
        o1_0.total_amount,
        o1_0.updated_at,
        o1_0.user_id 
    from
        orders o1_0 
    where
        o1_0.user_id=? 
        and o1_0.status=?
2025-06-08T12:50:54.635+05:30 TRACE 3640 --- [order-service] [http-nio-8083-exec-6] org.hibernate.orm.jdbc.bind              : binding parameter (1:BIGINT) <- [1]
2025-06-08T12:50:54.635+05:30 TRACE 3640 --- [order-service] [http-nio-8083-exec-6] org.hibernate.orm.jdbc.bind              : binding parameter (2:ENUM) <- [PENDING]
2025-06-08T12:50:54.639+05:30 DEBUG 3640 --- [order-service] [http-nio-8083-exec-6] c.t.orderservice.service.OrderService    : Simulating call to Product Service for product ID: 6
2025-06-08T12:50:54.640+05:30 ERROR 3640 --- [order-service] [http-nio-8083-exec-6] c.t.orderservice.service.OrderService    : Product with ID 6 not found or price not available.
2025-06-08T12:50:54.648+05:30 ERROR 3640 --- [order-service] [http-nio-8083-exec-6] c.t.o.controller.OrderController         : Error adding product to cart: Product not found or price unavailable.
2025-06-08T12:51:29.426+05:30 DEBUG 3640 --- [order-service] [http-nio-8083-exec-10] c.t.o.filter.JwtRequestFilter            : JWT extracted for user: testuser2 with roles: []
2025-06-08T12:51:29.435+05:30 DEBUG 3640 --- [order-service] [http-nio-8083-exec-10] c.t.o.filter.JwtRequestFilter            : Authentication set for user: testuser2
2025-06-08T12:51:29.440+05:30  INFO 3640 --- [order-service] [http-nio-8083-exec-10] c.t.o.controller.OrderController         : API Request: Add product 3 (quantity 1) to cart for user 1
2025-06-08T12:51:29.442+05:30  INFO 3640 --- [order-service] [http-nio-8083-exec-10] c.t.orderservice.service.OrderService    : Adding product 3 (quantity 1) to cart for user 1
2025-06-08T12:51:29.447+05:30 DEBUG 3640 --- [order-service] [http-nio-8083-exec-10] org.hibernate.SQL                        : 
    select
        o1_0.id,
        o1_0.created_at,
        o1_0.status,
        o1_0.total_amount,
        o1_0.updated_at,
        o1_0.user_id 
    from
        orders o1_0 
    where
        o1_0.user_id=? 
        and o1_0.status=?
2025-06-08T12:51:29.449+05:30 TRACE 3640 --- [order-service] [http-nio-8083-exec-10] org.hibernate.orm.jdbc.bind              : binding parameter (1:BIGINT) <- [1]
2025-06-08T12:51:29.450+05:30 TRACE 3640 --- [order-service] [http-nio-8083-exec-10] org.hibernate.orm.jdbc.bind              : binding parameter (2:ENUM) <- [PENDING]
2025-06-08T12:51:29.455+05:30 DEBUG 3640 --- [order-service] [http-nio-8083-exec-10] c.t.orderservice.service.OrderService    : Simulating call to Product Service for product ID: 3
2025-06-08T12:51:29.457+05:30 DEBUG 3640 --- [order-service] [http-nio-8083-exec-10] org.hibernate.SQL                        : 
    select
        oi1_0.order_id,
        oi1_0.id,
        oi1_0.price_at_purchase,
        oi1_0.product_id,
        oi1_0.quantity 
    from
        order_items oi1_0 
    where
        oi1_0.order_id=?
2025-06-08T12:51:29.458+05:30 TRACE 3640 --- [order-service] [http-nio-8083-exec-10] org.hibernate.orm.jdbc.bind              : binding parameter (1:BIGINT) <- [3]
2025-06-08T12:51:29.463+05:30 DEBUG 3640 --- [order-service] [http-nio-8083-exec-10] c.t.orderservice.service.OrderService    : Added new product 3 to cart with quantity 1
2025-06-08T12:51:29.465+05:30 DEBUG 3640 --- [order-service] [http-nio-8083-exec-10] c.t.orderservice.service.OrderService    : Recalculated total for cart 3: 260.00
2025-06-08T12:51:29.466+05:30  INFO 3640 --- [order-service] [http-nio-8083-exec-10] c.t.orderservice.service.OrderService    : Product 3 added to cart for user 1. Cart total: 260.00
2025-06-08T12:51:29.528+05:30 DEBUG 3640 --- [order-service] [http-nio-8083-exec-10] org.hibernate.SQL                        : 
    insert 
    into
        order_items
        (order_id, price_at_purchase, product_id, quantity) 
    values
        (?, ?, ?, ?)
2025-06-08T12:51:29.535+05:30 TRACE 3640 --- [order-service] [http-nio-8083-exec-10] org.hibernate.orm.jdbc.bind              : binding parameter (1:BIGINT) <- [3]
2025-06-08T12:51:29.535+05:30 TRACE 3640 --- [order-service] [http-nio-8083-exec-10] org.hibernate.orm.jdbc.bind              : binding parameter (2:NUMERIC) <- [5.00]
2025-06-08T12:51:29.535+05:30 TRACE 3640 --- [order-service] [http-nio-8083-exec-10] org.hibernate.orm.jdbc.bind              : binding parameter (3:BIGINT) <- [3]
2025-06-08T12:51:29.535+05:30 TRACE 3640 --- [order-service] [http-nio-8083-exec-10] org.hibernate.orm.jdbc.bind              : binding parameter (4:INTEGER) <- [1]
2025-06-08T12:51:29.627+05:30 DEBUG 3640 --- [order-service] [http-nio-8083-exec-10] org.hibernate.SQL                        : 
    update
        orders 
    set
        status=?,
        total_amount=?,
        updated_at=?,
        user_id=? 
    where
        id=?
2025-06-08T12:51:29.628+05:30 TRACE 3640 --- [order-service] [http-nio-8083-exec-10] org.hibernate.orm.jdbc.bind              : binding parameter (1:ENUM) <- [PENDING]
2025-06-08T12:51:29.628+05:30 TRACE 3640 --- [order-service] [http-nio-8083-exec-10] org.hibernate.orm.jdbc.bind              : binding parameter (2:NUMERIC) <- [260.00]
2025-06-08T12:51:29.628+05:30 TRACE 3640 --- [order-service] [http-nio-8083-exec-10] org.hibernate.orm.jdbc.bind              : binding parameter (3:TIMESTAMP) <- [2025-06-08T12:51:29.615077]
2025-06-08T12:51:29.629+05:30 TRACE 3640 --- [order-service] [http-nio-8083-exec-10] org.hibernate.orm.jdbc.bind              : binding parameter (4:BIGINT) <- [1]
2025-06-08T12:51:29.629+05:30 TRACE 3640 --- [order-service] [http-nio-8083-exec-10] org.hibernate.orm.jdbc.bind              : binding parameter (5:BIGINT) <- [3]
2025-06-08T12:51:44.423+05:30 DEBUG 3640 --- [order-service] [http-nio-8083-exec-4] c.t.o.filter.JwtRequestFilter            : JWT extracted for user: testuser2 with roles: []
2025-06-08T12:51:44.434+05:30 DEBUG 3640 --- [order-service] [http-nio-8083-exec-4] c.t.o.filter.JwtRequestFilter            : Authentication set for user: testuser2
2025-06-08T12:51:44.436+05:30  INFO 3640 --- [order-service] [http-nio-8083-exec-4] c.t.o.controller.OrderController         : API Request: Get cart for user 1
2025-06-08T12:51:44.436+05:30  INFO 3640 --- [order-service] [http-nio-8083-exec-4] c.t.orderservice.service.OrderService    : Fetching cart for user 1
2025-06-08T12:51:44.440+05:30 DEBUG 3640 --- [order-service] [http-nio-8083-exec-4] org.hibernate.SQL                        : 
    select
        o1_0.id,
        o1_0.created_at,
        o1_0.status,
        o1_0.total_amount,
        o1_0.updated_at,
        o1_0.user_id 
    from
        orders o1_0 
    where
        o1_0.user_id=? 
        and o1_0.status=?
2025-06-08T12:51:44.443+05:30 TRACE 3640 --- [order-service] [http-nio-8083-exec-4] org.hibernate.orm.jdbc.bind              : binding parameter (1:BIGINT) <- [1]
2025-06-08T12:51:44.443+05:30 TRACE 3640 --- [order-service] [http-nio-8083-exec-4] org.hibernate.orm.jdbc.bind              : binding parameter (2:ENUM) <- [PENDING]
2025-06-08T12:51:44.448+05:30 DEBUG 3640 --- [order-service] [http-nio-8083-exec-4] org.hibernate.SQL                        : 
    select
        oi1_0.order_id,
        oi1_0.id,
        oi1_0.price_at_purchase,
        oi1_0.product_id,
        oi1_0.quantity 
    from
        order_items oi1_0 
    where
        oi1_0.order_id=?
2025-06-08T12:51:44.449+05:30 TRACE 3640 --- [order-service] [http-nio-8083-exec-4] org.hibernate.orm.jdbc.bind              : binding parameter (1:BIGINT) <- [3]
2025-06-08T12:51:44.455+05:30  INFO 3640 --- [order-service] [http-nio-8083-exec-4] c.t.orderservice.service.OrderService    : Cart found for user 1. Total items: 2
2025-06-08T12:51:44.455+05:30  INFO 3640 --- [order-service] [http-nio-8083-exec-4] c.t.o.controller.OrderController         : Cart retrieved successfully for user 1
2025-06-08T12:52:40.528+05:30  INFO 3640 --- [order-service] [SpringApplicationShutdownHook] o.s.c.n.e.s.EurekaServiceRegistry        : Unregistering application ORDER-SERVICE with eureka with status DOWN
2025-06-08T12:52:40.529+05:30  INFO 3640 --- [order-service] [SpringApplicationShutdownHook] com.netflix.discovery.DiscoveryClient    : Saw local status change event StatusChangeEvent [timestamp=1749367360529, current=DOWN, previous=UP]
2025-06-08T12:52:40.530+05:30  INFO 3640 --- [order-service] [DiscoveryClient-InstanceInfoReplicator-%d] com.netflix.discovery.DiscoveryClient    : DiscoveryClient_ORDER-SERVICE/Vishal-Antiya:order-service:8083: registering service...
2025-06-08T12:52:40.541+05:30  INFO 3640 --- [order-service] [SpringApplicationShutdownHook] o.s.b.w.e.tomcat.GracefulShutdown        : Commencing graceful shutdown. Waiting for active requests to complete
2025-06-08T12:52:40.546+05:30  INFO 3640 --- [order-service] [DiscoveryClient-InstanceInfoReplicator-%d] com.netflix.discovery.DiscoveryClient    : DiscoveryClient_ORDER-SERVICE/Vishal-Antiya:order-service:8083 - registration status: 204
2025-06-08T12:52:40.570+05:30  INFO 3640 --- [order-service] [tomcat-shutdown] o.s.b.w.e.tomcat.GracefulShutdown        : Graceful shutdown complete
2025-06-08T12:52:40.591+05:30  INFO 3640 --- [order-service] [SpringApplicationShutdownHook] j.LocalContainerEntityManagerFactoryBean : Closing JPA EntityManagerFactory for persistence unit 'default'
2025-06-08T12:52:40.596+05:30  INFO 3640 --- [order-service] [SpringApplicationShutdownHook] com.zaxxer.hikari.HikariDataSource       : HikariPool-1 - Shutdown initiated...
2025-06-08T12:52:40.615+05:30  INFO 3640 --- [order-service] [SpringApplicationShutdownHook] com.zaxxer.hikari.HikariDataSource       : HikariPool-1 - Shutdown completed.
2025-06-08T12:52:40.617+05:30  INFO 3640 --- [order-service] [SpringApplicationShutdownHook] com.netflix.discovery.DiscoveryClient    : Shutting down DiscoveryClient ...
2025-06-08T12:52:43.620+05:30  INFO 3640 --- [order-service] [SpringApplicationShutdownHook] com.netflix.discovery.DiscoveryClient    : Unregistering ...
2025-06-08T12:52:43.644+05:30  INFO 3640 --- [order-service] [SpringApplicationShutdownHook] c.n.d.s.t.d.RedirectingEurekaHttpClient  : Request execution error. endpoint=DefaultEndpoint{ serviceUrl='http://localhost:8761/eureka/} exception=I/O error on DELETE request for "http://localhost:8761/eureka/apps/ORDER-SERVICE/Vishal-Antiya:order-service:8083": Connect to http://localhost:8761 [localhost/127.0.0.1, localhost/0:0:0:0:0:0:0:1] failed: Connection refused: getsockopt stacktrace=org.springframework.web.client.ResourceAccessException: I/O error on DELETE request for "http://localhost:8761/eureka/apps/ORDER-SERVICE/Vishal-Antiya:order-service:8083": Connect to http://localhost:8761 [localhost/127.0.0.1, localhost/0:0:0:0:0:0:0:1] failed: Connection refused: getsockopt
	at org.springframework.web.client.RestTemplate.createResourceAccessException(RestTemplate.java:926)
	at org.springframework.web.client.RestTemplate.doExecute(RestTemplate.java:906)
	at org.springframework.web.client.RestTemplate.execute(RestTemplate.java:841)
	at org.springframework.web.client.RestTemplate.exchange(RestTemplate.java:702)
	at org.springframework.cloud.netflix.eureka.http.RestTemplateEurekaHttpClient.cancel(RestTemplateEurekaHttpClient.java:100)
	at com.netflix.discovery.shared.transport.decorator.EurekaHttpClientDecorator$2.execute(EurekaHttpClientDecorator.java:74)
	at com.netflix.discovery.shared.transport.decorator.RedirectingEurekaHttpClient.execute(RedirectingEurekaHttpClient.java:91)
	at com.netflix.discovery.shared.transport.decorator.EurekaHttpClientDecorator.cancel(EurekaHttpClientDecorator.java:71)
	at com.netflix.discovery.shared.transport.decorator.EurekaHttpClientDecorator$2.execute(EurekaHttpClientDecorator.java:74)
	at com.netflix.discovery.shared.transport.decorator.RetryableEurekaHttpClient.execute(RetryableEurekaHttpClient.java:120)
	at com.netflix.discovery.shared.transport.decorator.EurekaHttpClientDecorator.cancel(EurekaHttpClientDecorator.java:71)
	at com.netflix.discovery.shared.transport.decorator.EurekaHttpClientDecorator$2.execute(EurekaHttpClientDecorator.java:74)
	at com.netflix.discovery.shared.transport.decorator.SessionedEurekaHttpClient.execute(SessionedEurekaHttpClient.java:76)
	at com.netflix.discovery.shared.transport.decorator.EurekaHttpClientDecorator.cancel(EurekaHttpClientDecorator.java:71)
	at com.netflix.discovery.DiscoveryClient.unregister(DiscoveryClient.java:919)
	at com.netflix.discovery.DiscoveryClient.shutdown(DiscoveryClient.java:900)
	at java.base/jdk.internal.reflect.DirectMethodHandleAccessor.invoke(DirectMethodHandleAccessor.java:104)
	at java.base/java.lang.reflect.Method.invoke(Method.java:565)
	at org.springframework.beans.factory.annotation.InitDestroyAnnotationBeanPostProcessor$LifecycleMethod.invoke(InitDestroyAnnotationBeanPostProcessor.java:457)
	at org.springframework.beans.factory.annotation.InitDestroyAnnotationBeanPostProcessor$LifecycleMetadata.invokeDestroyMethods(InitDestroyAnnotationBeanPostProcessor.java:415)
	at org.springframework.beans.factory.annotation.InitDestroyAnnotationBeanPostProcessor.postProcessBeforeDestruction(InitDestroyAnnotationBeanPostProcessor.java:239)
	at org.springframework.beans.factory.support.DisposableBeanAdapter.destroy(DisposableBeanAdapter.java:202)
	at org.springframework.beans.factory.support.DisposableBeanAdapter.run(DisposableBeanAdapter.java:195)
	at org.springframework.cloud.context.scope.GenericScope$BeanLifecycleWrapper.destroy(GenericScope.java:389)
	at org.springframework.cloud.context.scope.GenericScope.destroy(GenericScope.java:136)
	at org.springframework.beans.factory.support.DisposableBeanAdapter.destroy(DisposableBeanAdapter.java:211)
	at org.springframework.beans.factory.support.DefaultSingletonBeanRegistry.destroyBean(DefaultSingletonBeanRegistry.java:796)
	at org.springframework.beans.factory.support.DefaultSingletonBeanRegistry.destroySingleton(DefaultSingletonBeanRegistry.java:746)
	at org.springframework.beans.factory.support.DefaultListableBeanFactory.destroySingleton(DefaultListableBeanFactory.java:1473)
	at org.springframework.beans.factory.support.DefaultSingletonBeanRegistry.destroySingletons(DefaultSingletonBeanRegistry.java:705)
	at org.springframework.beans.factory.support.DefaultListableBeanFactory.destroySingletons(DefaultListableBeanFactory.java:1466)
	at org.springframework.context.support.AbstractApplicationContext.destroyBeans(AbstractApplicationContext.java:1219)
	at org.springframework.context.support.AbstractApplicationContext.doClose(AbstractApplicationContext.java:1180)
	at org.springframework.boot.web.servlet.context.ServletWebServerApplicationContext.doClose(ServletWebServerApplicationContext.java:179)
	at org.springframework.context.support.AbstractApplicationContext.close(AbstractApplicationContext.java:1126)
	at org.springframework.boot.SpringApplicationShutdownHook.closeAndWait(SpringApplicationShutdownHook.java:147)
	at java.base/java.lang.Iterable.forEach(Iterable.java:75)
	at org.springframework.boot.SpringApplicationShutdownHook.run(SpringApplicationShutdownHook.java:116)
	at java.base/java.lang.Thread.run(Thread.java:1447)
Caused by: org.apache.hc.client5.http.HttpHostConnectException: Connect to http://localhost:8761 [localhost/127.0.0.1, localhost/0:0:0:0:0:0:0:1] failed: Connection refused: getsockopt
	at java.base/sun.nio.ch.Net.pollConnect(Native Method)
	at java.base/sun.nio.ch.Net.pollConnectNow(Net.java:628)
	at java.base/sun.nio.ch.NioSocketImpl.timedFinishConnect(NioSocketImpl.java:533)
	at java.base/sun.nio.ch.NioSocketImpl.connect(NioSocketImpl.java:583)
	at java.base/java.net.SocksSocketImpl.connect(SocksSocketImpl.java:282)
	at java.base/java.net.Socket.connect(Socket.java:665)
	at org.apache.hc.client5.http.impl.io.DefaultHttpClientConnectionOperator.connect(DefaultHttpClientConnectionOperator.java:216)
	at org.apache.hc.client5.http.impl.io.PoolingHttpClientConnectionManager.connect(PoolingHttpClientConnectionManager.java:490)
	at org.apache.hc.client5.http.impl.classic.InternalExecRuntime.connectEndpoint(InternalExecRuntime.java:164)
	at org.apache.hc.client5.http.impl.classic.InternalExecRuntime.connectEndpoint(InternalExecRuntime.java:174)
	at org.apache.hc.client5.http.impl.classic.ConnectExec.execute(ConnectExec.java:144)
	at org.apache.hc.client5.http.impl.classic.ExecChainElement.execute(ExecChainElement.java:51)
	at org.apache.hc.client5.http.impl.classic.ProtocolExec.execute(ProtocolExec.java:192)
	at org.apache.hc.client5.http.impl.classic.ExecChainElement.execute(ExecChainElement.java:51)
	at org.apache.hc.client5.http.impl.classic.ContentCompressionExec.execute(ContentCompressionExec.java:150)
	at org.apache.hc.client5.http.impl.classic.ExecChainElement.execute(ExecChainElement.java:51)
	at org.apache.hc.client5.http.impl.classic.HttpRequestRetryExec.execute(HttpRequestRetryExec.java:113)
	at org.apache.hc.client5.http.impl.classic.ExecChainElement.execute(ExecChainElement.java:51)
	at org.apache.hc.client5.http.impl.classic.RedirectExec.execute(RedirectExec.java:110)
	at org.apache.hc.client5.http.impl.classic.ExecChainElement.execute(ExecChainElement.java:51)
	at org.apache.hc.client5.http.impl.classic.InternalHttpClient.doExecute(InternalHttpClient.java:183)
	at org.apache.hc.client5.http.impl.classic.CloseableHttpClient.execute(CloseableHttpClient.java:87)
	at org.apache.hc.client5.http.impl.classic.CloseableHttpClient.execute(CloseableHttpClient.java:55)
	at org.apache.hc.client5.http.classic.HttpClient.executeOpen(HttpClient.java:183)
	at org.springframework.http.client.HttpComponentsClientHttpRequest.executeInternal(HttpComponentsClientHttpRequest.java:99)
	at org.springframework.http.client.AbstractStreamingClientHttpRequest.executeInternal(AbstractStreamingClientHttpRequest.java:71)
	at org.springframework.http.client.AbstractClientHttpRequest.execute(AbstractClientHttpRequest.java:81)
	at org.springframework.http.client.InterceptingClientHttpRequest$InterceptingRequestExecution.execute(InterceptingClientHttpRequest.java:117)
	at org.springframework.cloud.netflix.eureka.http.RestTemplateTransportClientFactory.lambda$restTemplate$3(RestTemplateTransportClientFactory.java:141)
	at org.springframework.http.client.InterceptingClientHttpRequest$InterceptingRequestExecution.execute(InterceptingClientHttpRequest.java:88)
	at org.springframework.http.client.InterceptingClientHttpRequest.executeInternal(InterceptingClientHttpRequest.java:72)
	at org.springframework.http.client.AbstractBufferingClientHttpRequest.executeInternal(AbstractBufferingClientHttpRequest.java:48)
	at org.springframework.http.client.AbstractClientHttpRequest.execute(AbstractClientHttpRequest.java:81)
	at org.springframework.web.client.RestTemplate.doExecute(RestTemplate.java:900)
	... 37 more

2025-06-08T12:52:43.645+05:30  WARN 3640 --- [order-service] [SpringApplicationShutdownHook] c.n.d.s.t.d.RetryableEurekaHttpClient    : Request execution failed with message: I/O error on DELETE request for "http://localhost:8761/eureka/apps/ORDER-SERVICE/Vishal-Antiya:order-service:8083": Connect to http://localhost:8761 [localhost/127.0.0.1, localhost/0:0:0:0:0:0:0:1] failed: Connection refused: getsockopt
2025-06-08T12:52:43.667+05:30  INFO 3640 --- [order-service] [SpringApplicationShutdownHook] c.n.d.s.t.d.RedirectingEurekaHttpClient  : Request execution error. endpoint=DefaultEndpoint{ serviceUrl='http://localhost:8761/eureka/}, exception=I/O error on DELETE request for "http://localhost:8761/eureka/apps/ORDER-SERVICE/Vishal-Antiya:order-service:8083": Connect to http://localhost:8761 [localhost/127.0.0.1, localhost/0:0:0:0:0:0:0:1] failed: Connection refused: getsockopt stacktrace=org.springframework.web.client.ResourceAccessException: I/O error on DELETE request for "http://localhost:8761/eureka/apps/ORDER-SERVICE/Vishal-Antiya:order-service:8083": Connect to http://localhost:8761 [localhost/127.0.0.1, localhost/0:0:0:0:0:0:0:1] failed: Connection refused: getsockopt
	at org.springframework.web.client.RestTemplate.createResourceAccessException(RestTemplate.java:926)
	at org.springframework.web.client.RestTemplate.doExecute(RestTemplate.java:906)
	at org.springframework.web.client.RestTemplate.execute(RestTemplate.java:841)
	at org.springframework.web.client.RestTemplate.exchange(RestTemplate.java:702)
	at org.springframework.cloud.netflix.eureka.http.RestTemplateEurekaHttpClient.cancel(RestTemplateEurekaHttpClient.java:100)
	at com.netflix.discovery.shared.transport.decorator.EurekaHttpClientDecorator$2.execute(EurekaHttpClientDecorator.java:74)
	at com.netflix.discovery.shared.transport.decorator.RedirectingEurekaHttpClient.executeOnNewServer(RedirectingEurekaHttpClient.java:121)
	at com.netflix.discovery.shared.transport.decorator.RedirectingEurekaHttpClient.execute(RedirectingEurekaHttpClient.java:80)
	at com.netflix.discovery.shared.transport.decorator.EurekaHttpClientDecorator.cancel(EurekaHttpClientDecorator.java:71)
	at com.netflix.discovery.shared.transport.decorator.EurekaHttpClientDecorator$2.execute(EurekaHttpClientDecorator.java:74)
	at com.netflix.discovery.shared.transport.decorator.RetryableEurekaHttpClient.execute(RetryableEurekaHttpClient.java:120)
	at com.netflix.discovery.shared.transport.decorator.EurekaHttpClientDecorator.cancel(EurekaHttpClientDecorator.java:71)
	at com.netflix.discovery.shared.transport.decorator.EurekaHttpClientDecorator$2.execute(EurekaHttpClientDecorator.java:74)
	at com.netflix.discovery.shared.transport.decorator.SessionedEurekaHttpClient.execute(SessionedEurekaHttpClient.java:76)
	at com.netflix.discovery.shared.transport.decorator.EurekaHttpClientDecorator.cancel(EurekaHttpClientDecorator.java:71)
	at com.netflix.discovery.DiscoveryClient.unregister(DiscoveryClient.java:919)
	at com.netflix.discovery.DiscoveryClient.shutdown(DiscoveryClient.java:900)
	at java.base/jdk.internal.reflect.DirectMethodHandleAccessor.invoke(DirectMethodHandleAccessor.java:104)
	at java.base/java.lang.reflect.Method.invoke(Method.java:565)
	at org.springframework.beans.factory.annotation.InitDestroyAnnotationBeanPostProcessor$LifecycleMethod.invoke(InitDestroyAnnotationBeanPostProcessor.java:457)
	at org.springframework.beans.factory.annotation.InitDestroyAnnotationBeanPostProcessor$LifecycleMetadata.invokeDestroyMethods(InitDestroyAnnotationBeanPostProcessor.java:415)
	at org.springframework.beans.factory.annotation.InitDestroyAnnotationBeanPostProcessor.postProcessBeforeDestruction(InitDestroyAnnotationBeanPostProcessor.java:239)
	at org.springframework.beans.factory.support.DisposableBeanAdapter.destroy(DisposableBeanAdapter.java:202)
	at org.springframework.beans.factory.support.DisposableBeanAdapter.run(DisposableBeanAdapter.java:195)
	at org.springframework.cloud.context.scope.GenericScope$BeanLifecycleWrapper.destroy(GenericScope.java:389)
	at org.springframework.cloud.context.scope.GenericScope.destroy(GenericScope.java:136)
	at org.springframework.beans.factory.support.DisposableBeanAdapter.destroy(DisposableBeanAdapter.java:211)
	at org.springframework.beans.factory.support.DefaultSingletonBeanRegistry.destroyBean(DefaultSingletonBeanRegistry.java:796)
	at org.springframework.beans.factory.support.DefaultSingletonBeanRegistry.destroySingleton(DefaultSingletonBeanRegistry.java:746)
	at org.springframework.beans.factory.support.DefaultListableBeanFactory.destroySingleton(DefaultListableBeanFactory.java:1473)
	at org.springframework.beans.factory.support.DefaultSingletonBeanRegistry.destroySingletons(DefaultSingletonBeanRegistry.java:705)
	at org.springframework.beans.factory.support.DefaultListableBeanFactory.destroySingletons(DefaultListableBeanFactory.java:1466)
	at org.springframework.context.support.AbstractApplicationContext.destroyBeans(AbstractApplicationContext.java:1219)
	at org.springframework.context.support.AbstractApplicationContext.doClose(AbstractApplicationContext.java:1180)
	at org.springframework.boot.web.servlet.context.ServletWebServerApplicationContext.doClose(ServletWebServerApplicationContext.java:179)
	at org.springframework.context.support.AbstractApplicationContext.close(AbstractApplicationContext.java:1126)
	at org.springframework.boot.SpringApplicationShutdownHook.closeAndWait(SpringApplicationShutdownHook.java:147)
	at java.base/java.lang.Iterable.forEach(Iterable.java:75)
	at org.springframework.boot.SpringApplicationShutdownHook.run(SpringApplicationShutdownHook.java:116)
	at java.base/java.lang.Thread.run(Thread.java:1447)
Caused by: org.apache.hc.client5.http.HttpHostConnectException: Connect to http://localhost:8761 [localhost/127.0.0.1, localhost/0:0:0:0:0:0:0:1] failed: Connection refused: getsockopt
	at java.base/sun.nio.ch.Net.pollConnect(Native Method)
	at java.base/sun.nio.ch.Net.pollConnectNow(Net.java:628)
	at java.base/sun.nio.ch.NioSocketImpl.timedFinishConnect(NioSocketImpl.java:533)
	at java.base/sun.nio.ch.NioSocketImpl.connect(NioSocketImpl.java:583)
	at java.base/java.net.SocksSocketImpl.connect(SocksSocketImpl.java:282)
	at java.base/java.net.Socket.connect(Socket.java:665)
	at org.apache.hc.client5.http.impl.io.DefaultHttpClientConnectionOperator.connect(DefaultHttpClientConnectionOperator.java:216)
	at org.apache.hc.client5.http.impl.io.PoolingHttpClientConnectionManager.connect(PoolingHttpClientConnectionManager.java:490)
	at org.apache.hc.client5.http.impl.classic.InternalExecRuntime.connectEndpoint(InternalExecRuntime.java:164)
	at org.apache.hc.client5.http.impl.classic.InternalExecRuntime.connectEndpoint(InternalExecRuntime.java:174)
	at org.apache.hc.client5.http.impl.classic.ConnectExec.execute(ConnectExec.java:144)
	at org.apache.hc.client5.http.impl.classic.ExecChainElement.execute(ExecChainElement.java:51)
	at org.apache.hc.client5.http.impl.classic.ProtocolExec.execute(ProtocolExec.java:192)
	at org.apache.hc.client5.http.impl.classic.ExecChainElement.execute(ExecChainElement.java:51)
	at org.apache.hc.client5.http.impl.classic.ContentCompressionExec.execute(ContentCompressionExec.java:150)
	at org.apache.hc.client5.http.impl.classic.ExecChainElement.execute(ExecChainElement.java:51)
	at org.apache.hc.client5.http.impl.classic.HttpRequestRetryExec.execute(HttpRequestRetryExec.java:113)
	at org.apache.hc.client5.http.impl.classic.ExecChainElement.execute(ExecChainElement.java:51)
	at org.apache.hc.client5.http.impl.classic.RedirectExec.execute(RedirectExec.java:110)
	at org.apache.hc.client5.http.impl.classic.ExecChainElement.execute(ExecChainElement.java:51)
	at org.apache.hc.client5.http.impl.classic.InternalHttpClient.doExecute(InternalHttpClient.java:183)
	at org.apache.hc.client5.http.impl.classic.CloseableHttpClient.execute(CloseableHttpClient.java:87)
	at org.apache.hc.client5.http.impl.classic.CloseableHttpClient.execute(CloseableHttpClient.java:55)
	at org.apache.hc.client5.http.classic.HttpClient.executeOpen(HttpClient.java:183)
	at org.springframework.http.client.HttpComponentsClientHttpRequest.executeInternal(HttpComponentsClientHttpRequest.java:99)
	at org.springframework.http.client.AbstractStreamingClientHttpRequest.executeInternal(AbstractStreamingClientHttpRequest.java:71)
	at org.springframework.http.client.AbstractClientHttpRequest.execute(AbstractClientHttpRequest.java:81)
	at org.springframework.http.client.InterceptingClientHttpRequest$InterceptingRequestExecution.execute(InterceptingClientHttpRequest.java:117)
	at org.springframework.cloud.netflix.eureka.http.RestTemplateTransportClientFactory.lambda$restTemplate$3(RestTemplateTransportClientFactory.java:141)
	at org.springframework.http.client.InterceptingClientHttpRequest$InterceptingRequestExecution.execute(InterceptingClientHttpRequest.java:88)
	at org.springframework.http.client.InterceptingClientHttpRequest.executeInternal(InterceptingClientHttpRequest.java:72)
	at org.springframework.http.client.AbstractBufferingClientHttpRequest.executeInternal(AbstractBufferingClientHttpRequest.java:48)
	at org.springframework.http.client.AbstractClientHttpRequest.execute(AbstractClientHttpRequest.java:81)
	at org.springframework.web.client.RestTemplate.doExecute(RestTemplate.java:900)
	... 38 more

2025-06-08T12:52:43.668+05:30  WARN 3640 --- [order-service] [SpringApplicationShutdownHook] c.n.d.s.t.d.RetryableEurekaHttpClient    : Request execution failed with message: I/O error on DELETE request for "http://localhost:8761/eureka/apps/ORDER-SERVICE/Vishal-Antiya:order-service:8083": Connect to http://localhost:8761 [localhost/127.0.0.1, localhost/0:0:0:0:0:0:0:1] failed: Connection refused: getsockopt
2025-06-08T12:52:43.669+05:30 ERROR 3640 --- [order-service] [SpringApplicationShutdownHook] com.netflix.discovery.DiscoveryClient    : DiscoveryClient_ORDER-SERVICE/Vishal-Antiya:order-service:8083 - de-registration failedCannot execute request on any known server

com.netflix.discovery.shared.transport.TransportException: Cannot execute request on any known server
	at com.netflix.discovery.shared.transport.decorator.RetryableEurekaHttpClient.execute(RetryableEurekaHttpClient.java:112) ~[eureka-client-2.0.4.jar:2.0.4]
	at com.netflix.discovery.shared.transport.decorator.EurekaHttpClientDecorator.cancel(EurekaHttpClientDecorator.java:71) ~[eureka-client-2.0.4.jar:2.0.4]
	at com.netflix.discovery.shared.transport.decorator.EurekaHttpClientDecorator$2.execute(EurekaHttpClientDecorator.java:74) ~[eureka-client-2.0.4.jar:2.0.4]
	at com.netflix.discovery.shared.transport.decorator.SessionedEurekaHttpClient.execute(SessionedEurekaHttpClient.java:76) ~[eureka-client-2.0.4.jar:2.0.4]
	at com.netflix.discovery.shared.transport.decorator.EurekaHttpClientDecorator.cancel(EurekaHttpClientDecorator.java:71) ~[eureka-client-2.0.4.jar:2.0.4]
	at com.netflix.discovery.DiscoveryClient.unregister(DiscoveryClient.java:919) ~[eureka-client-2.0.4.jar:2.0.4]
	at com.netflix.discovery.DiscoveryClient.shutdown(DiscoveryClient.java:900) ~[eureka-client-2.0.4.jar:2.0.4]
	at java.base/jdk.internal.reflect.DirectMethodHandleAccessor.invoke(DirectMethodHandleAccessor.java:104) ~[na:na]
	at java.base/java.lang.reflect.Method.invoke(Method.java:565) ~[na:na]
	at org.springframework.beans.factory.annotation.InitDestroyAnnotationBeanPostProcessor$LifecycleMethod.invoke(InitDestroyAnnotationBeanPostProcessor.java:457) ~[spring-beans-6.2.6.jar:6.2.6]
	at org.springframework.beans.factory.annotation.InitDestroyAnnotationBeanPostProcessor$LifecycleMetadata.invokeDestroyMethods(InitDestroyAnnotationBeanPostProcessor.java:415) ~[spring-beans-6.2.6.jar:6.2.6]
	at org.springframework.beans.factory.annotation.InitDestroyAnnotationBeanPostProcessor.postProcessBeforeDestruction(InitDestroyAnnotationBeanPostProcessor.java:239) ~[spring-beans-6.2.6.jar:6.2.6]
	at org.springframework.beans.factory.support.DisposableBeanAdapter.destroy(DisposableBeanAdapter.java:202) ~[spring-beans-6.2.6.jar:6.2.6]
	at org.springframework.beans.factory.support.DisposableBeanAdapter.run(DisposableBeanAdapter.java:195) ~[spring-beans-6.2.6.jar:6.2.6]
	at org.springframework.cloud.context.scope.GenericScope$BeanLifecycleWrapper.destroy(GenericScope.java:389) ~[spring-cloud-context-4.2.0.jar:4.2.0]
	at org.springframework.cloud.context.scope.GenericScope.destroy(GenericScope.java:136) ~[spring-cloud-context-4.2.0.jar:4.2.0]
	at org.springframework.beans.factory.support.DisposableBeanAdapter.destroy(DisposableBeanAdapter.java:211) ~[spring-beans-6.2.6.jar:6.2.6]
	at org.springframework.beans.factory.support.DefaultSingletonBeanRegistry.destroyBean(DefaultSingletonBeanRegistry.java:796) ~[spring-beans-6.2.6.jar:6.2.6]
	at org.springframework.beans.factory.support.DefaultSingletonBeanRegistry.destroySingleton(DefaultSingletonBeanRegistry.java:746) ~[spring-beans-6.2.6.jar:6.2.6]
	at org.springframework.beans.factory.support.DefaultListableBeanFactory.destroySingleton(DefaultListableBeanFactory.java:1473) ~[spring-beans-6.2.6.jar:6.2.6]
	at org.springframework.beans.factory.support.DefaultSingletonBeanRegistry.destroySingletons(DefaultSingletonBeanRegistry.java:705) ~[spring-beans-6.2.6.jar:6.2.6]
	at org.springframework.beans.factory.support.DefaultListableBeanFactory.destroySingletons(DefaultListableBeanFactory.java:1466) ~[spring-beans-6.2.6.jar:6.2.6]
	at org.springframework.context.support.AbstractApplicationContext.destroyBeans(AbstractApplicationContext.java:1219) ~[spring-context-6.2.6.jar:6.2.6]
	at org.springframework.context.support.AbstractApplicationContext.doClose(AbstractApplicationContext.java:1180) ~[spring-context-6.2.6.jar:6.2.6]
	at org.springframework.boot.web.servlet.context.ServletWebServerApplicationContext.doClose(ServletWebServerApplicationContext.java:179) ~[spring-boot-3.4.5.jar:3.4.5]
	at org.springframework.context.support.AbstractApplicationContext.close(AbstractApplicationContext.java:1126) ~[spring-context-6.2.6.jar:6.2.6]
	at org.springframework.boot.SpringApplicationShutdownHook.closeAndWait(SpringApplicationShutdownHook.java:147) ~[spring-boot-3.4.5.jar:3.4.5]
	at java.base/java.lang.Iterable.forEach(Iterable.java:75) ~[na:na]
	at org.springframework.boot.SpringApplicationShutdownHook.run(SpringApplicationShutdownHook.java:116) ~[spring-boot-3.4.5.jar:3.4.5]
	at java.base/java.lang.Thread.run(Thread.java:1447) ~[na:na]

2025-06-08T12:52:43.681+05:30  INFO 3640 --- [order-service] [SpringApplicationShutdownHook] com.netflix.discovery.DiscoveryClient    : Completed shut down of DiscoveryClient
